[DEBUG] At 20190319131058671 : Initiate MongoDB connection....
[DEBUG] At 20190319131101759 : Server is starting....
[DEBUG] At 20190319131101780 : Socket Server is starting....
[DEBUG] At 20190319131101817 : API Server is starting....
[DEBUG] At 20190319131101950 : DONE! Server is started
[ERROR] At 20190319131244510
Unexpected character (e) at position 15.
	at org.json.simple.parser.Yylex.yylex(Yylex.java:610)
	at org.json.simple.parser.JSONParser.nextToken(JSONParser.java:269)
	at org.json.simple.parser.JSONParser.parse(JSONParser.java:118)
	at org.json.simple.parser.JSONParser.parse(JSONParser.java:81)
	at org.json.simple.parser.JSONParser.parse(JSONParser.java:75)
	at com.lhh.server.apiserver.request.ClientRequest.initRequest(ClientRequest.java:30)
	at com.lhh.server.apiserver.handler.ServerHandler.initRequest(ServerHandler.java:114)
	at com.lhh.server.apiserver.handler.ServerHandler.handle(ServerHandler.java:43)
	at org.eclipse.jetty.server.handler.HandlerWrapper.handle(HandlerWrapper.java:132)
	at org.eclipse.jetty.server.Server.handle(Server.java:502)
	at org.eclipse.jetty.server.HttpChannel.handle(HttpChannel.java:364)
	at org.eclipse.jetty.server.HttpConnection.onFillable(HttpConnection.java:260)
	at org.eclipse.jetty.io.AbstractConnection$ReadCallback.succeeded(AbstractConnection.java:305)
	at org.eclipse.jetty.io.FillInterest.fillable(FillInterest.java:103)
	at org.eclipse.jetty.io.ChannelEndPoint$2.run(ChannelEndPoint.java:118)
	at org.eclipse.jetty.util.thread.QueuedThreadPool.runJob(QueuedThreadPool.java:765)
	at org.eclipse.jetty.util.thread.QueuedThreadPool$2.run(QueuedThreadPool.java:683)
	at java.lang.Thread.run(Thread.java:748)
[DEBUG] At 20190319131244539 : Respond: {"code":2,"message":"WRONG_DATA_FORMAT"}
[DEBUG] At 20190319131416861 : Initiate MongoDB connection....
[DEBUG] At 20190319131418852 : Server is starting....
[DEBUG] At 20190319131418852 : Socket Server is starting....
[DEBUG] At 20190319131418866 : API Server is starting....
[DEBUG] At 20190319131418886 : DONE! Server is started
[DEBUG] At 20190319131451730 : Initiate MongoDB connection....
[DEBUG] At 20190319131453762 : Server is starting....
[DEBUG] At 20190319131453763 : Socket Server is starting....
[DEBUG] At 20190319131453771 : API Server is starting....
[DEBUG] At 20190319131453777 : DONE! Server is started
[DEBUG] At 20190319131533530 : Initiate MongoDB connection....
[DEBUG] At 20190319131535689 : Server is starting....
[DEBUG] At 20190319131535689 : Socket Server is starting....
[DEBUG] At 20190319131535693 : API Server is starting....
[DEBUG] At 20190319131535703 : DONE! Server is started
[DEBUG] At 20190319131802897 : Initiate MongoDB connection....
[DEBUG] At 20190319131805195 : Server is starting....
[DEBUG] At 20190319131805196 : Socket Server is starting....
[DEBUG] At 20190319131805199 : API Server is starting....
[DEBUG] At 20190319131805206 : DONE! Server is started
[ERROR] At 20190319131831294
Unexpected character (e) at position 15.
	at org.json.simple.parser.Yylex.yylex(Yylex.java:610)
	at org.json.simple.parser.JSONParser.nextToken(JSONParser.java:269)
	at org.json.simple.parser.JSONParser.parse(JSONParser.java:118)
	at org.json.simple.parser.JSONParser.parse(JSONParser.java:81)
	at org.json.simple.parser.JSONParser.parse(JSONParser.java:75)
	at com.lhh.server.apiserver.request.ClientRequest.initRequest(ClientRequest.java:30)
	at com.lhh.server.apiserver.handler.ServerHandler.initRequest(ServerHandler.java:114)
	at com.lhh.server.apiserver.handler.ServerHandler.handle(ServerHandler.java:43)
	at org.eclipse.jetty.server.handler.HandlerWrapper.handle(HandlerWrapper.java:132)
	at org.eclipse.jetty.server.Server.handle(Server.java:502)
	at org.eclipse.jetty.server.HttpChannel.handle(HttpChannel.java:364)
	at org.eclipse.jetty.server.HttpConnection.onFillable(HttpConnection.java:260)
	at org.eclipse.jetty.io.AbstractConnection$ReadCallback.succeeded(AbstractConnection.java:305)
	at org.eclipse.jetty.io.FillInterest.fillable(FillInterest.java:103)
	at org.eclipse.jetty.io.ChannelEndPoint$2.run(ChannelEndPoint.java:118)
	at org.eclipse.jetty.util.thread.QueuedThreadPool.runJob(QueuedThreadPool.java:765)
	at org.eclipse.jetty.util.thread.QueuedThreadPool$2.run(QueuedThreadPool.java:683)
	at java.lang.Thread.run(Thread.java:748)
[DEBUG] At 20190319131831307 : Respond: {"code":2,"message":"WRONG_DATA_FORMAT"}
[DEBUG] At 20190319205943013 : Initiate MongoDB connection....
[DEBUG] At 20190319205945267 : Server is starting....
[DEBUG] At 20190319205945267 : Socket Server is starting....
[DEBUG] At 20190319205945283 : API Server is starting....
[DEBUG] At 20190319205945283 : DONE! Server is started
[DEBUG] At 20190319205957734 : Client request: {"gender":"1","dob":"1989-03-14","user_name":"test05","ip":"0:0:0:0:0:0:0:1","api":"register","pwd":"123456","email":"test05@gmail.com"}
[DEBUG] At 20190319210053626 : Respond: {"code":0,"data":{"token":"fdf6a885-77a3-4c58-8807-1e23479b4ae0"},"message":"SUCCESS"}
